###############################################################################
#                                                                             #
# IAR C/C++ Compiler V8.10.1.10194/W32 for 8051         06/Apr/2016  11:54:36 #
# Copyright 2004-2011 IAR Systems AB.                                         #
#                                                                             #
#    Core               =  plain                                              #
#    Code model         =  banked                                             #
#    Data model         =  large                                              #
#    Calling convention =  xdata reentrant                                    #
#    Constant location  =  data_rom                                           #
#    Dptr setup         =  1,16                                               #
#    Source file        =  E:\Projects\IGreen-Zigbee\zigbee\Projects\zstack\S #
#                          amples\SampleApp\Source\SampleApp.c                #
#    Command line       =  -f E:\Projects\IGreen-Zigbee\zigbee\Projects\zstac #
#                          k\Samples\SampleApp\CC2530DB\..\..\..\Tools\CC2530 #
#                          DB\f8wCoord.cfg (-DCPU32MHZ -DROOT=__near_func     #
#                          -DMAC_CFG_APP_PENDING_QUEUE=TRUE                   #
#                          -DMAC_CFG_TX_DATA_MAX=5 -DMAC_CFG_TX_MAX=8         #
#                          -DMAC_CFG_RX_MAX=5 -DZDO_COORDINATOR -DRTR_NWK)    #
#                          -f E:\Projects\IGreen-Zigbee\zigbee\Projects\zstac #
#                          k\Samples\SampleApp\CC2530DB\..\..\..\Tools\CC2530 #
#                          DB\f8wConfig.cfg (-DZIGBEEPRO -DSECURE=0           #
#                          -DZG_SECURE_DYNAMIC=0 -DREFLECTOR                  #
#                          -DDEFAULT_CHANLIST=0x00000800                      #
#                          -DZDAPP_CONFIG_PAN_ID=0xFF00                       #
#                          -DNWK_START_DELAY=100 -DEXTENDED_JOINING_RANDOM_MA #
#                          SK=0x007F -DBEACON_REQUEST_DELAY=100               #
#                          -DBEACON_REQ_DELAY_MASK=0x00FF                     #
#                          -DLINK_STATUS_JITTER_MASK=0x007F                   #
#                          -DROUTE_EXPIRY_TIME=30 -DAPSC_ACK_WAIT_DURATION_PO #
#                          LLED=3000 -DNWK_INDIRECT_MSG_TIMEOUT=7             #
#                          -DMAX_RREQ_ENTRIES=8 -DAPSC_MAX_FRAME_RETRIES=3    #
#                          -DNWK_MAX_DATA_RETRIES=2                           #
#                          -DMAX_POLL_FAILURE_RETRIES=2 -DMAX_BCAST=9         #
#                          -DAPS_MAX_GROUPS=16 -DMAX_RTG_ENTRIES=40           #
#                          -DNWK_MAX_BINDING_ENTRIES=4                        #
#                          -DMAX_BINDING_CLUSTER_IDS=4 "-DDEFAULT_KEY={0x01,  #
#                          0x03, 0x05, 0x07, 0x09, 0x0B, 0x0D, 0x0F, 0x00,    #
#                          0x02, 0x04, 0x06, 0x08, 0x0A, 0x0C, 0x0D}"         #
#                          -DMAC_MAX_FRAME_SIZE=116                           #
#                          -DZDNWKMGR_MIN_TRANSMISSIONS=20 "-DCONST=const     #
#                          __code" -DGENERIC=__generic                        #
#                          -DRFD_RCVC_ALWAYS_ON=FALSE -DPOLL_RATE=1000        #
#                          -DQUEUED_POLL_RATE=100 -DRESPONSE_POLL_RATE=100)   #
#                          -DREJOIN_POLL_RATE=440 E:\Projects\IGreen-Zigbee\z #
#                          igbee\Projects\zstack\Samples\SampleApp\Source\Sam #
#                          pleApp.c -D ZTOOL_P1 -D xMT_TASK -D xMT_SYS_FUNC   #
#                          -D xMT_ZDO_FUNC -D LCD_SUPPORTED=DEBUG -lC         #
#                          E:\Projects\IGreen-Zigbee\zigbee\Projects\zstack\S #
#                          amples\SampleApp\CC2530DB\CoordinatorEB\List\ -lA  #
#                          E:\Projects\IGreen-Zigbee\zigbee\Projects\zstack\S #
#                          amples\SampleApp\CC2530DB\CoordinatorEB\List\      #
#                          --diag_suppress Pe001,Pa010 -o                     #
#                          E:\Projects\IGreen-Zigbee\zigbee\Projects\zstack\S #
#                          amples\SampleApp\CC2530DB\CoordinatorEB\Obj\ -e    #
#                          --no_code_motion --debug --core=plain --dptr=16,1  #
#                          --data_model=large --code_model=banked             #
#                          --calling_convention=xdata_reentrant               #
#                          --place_constants=data_rom --nr_virtual_regs 16    #
#                          -I E:\Projects\IGreen-Zigbee\zigbee\Projects\zstac #
#                          k\Samples\SampleApp\CC2530DB\ -I                   #
#                          E:\Projects\IGreen-Zigbee\zigbee\Projects\zstack\S #
#                          amples\SampleApp\CC2530DB\..\Source\ -I            #
#                          E:\Projects\IGreen-Zigbee\zigbee\Projects\zstack\S #
#                          amples\SampleApp\CC2530DB\..\..\..\ZMain\TI2530DB\ #
#                           -I E:\Projects\IGreen-Zigbee\zigbee\Projects\zsta #
#                          ck\Samples\SampleApp\CC2530DB\..\..\..\..\..\Compo #
#                          nents\hal\include\ -I E:\Projects\IGreen-Zigbee\zi #
#                          gbee\Projects\zstack\Samples\SampleApp\CC2530DB\.. #
#                          \..\..\..\..\Components\hal\target\CC2530EB\ -I    #
#                          E:\Projects\IGreen-Zigbee\zigbee\Projects\zstack\S #
#                          amples\SampleApp\CC2530DB\..\..\..\..\..\Component #
#                          s\mac\include\ -I E:\Projects\IGreen-Zigbee\zigbee #
#                          \Projects\zstack\Samples\SampleApp\CC2530DB\..\..\ #
#                          ..\..\..\Components\mac\high_level\ -I             #
#                          E:\Projects\IGreen-Zigbee\zigbee\Projects\zstack\S #
#                          amples\SampleApp\CC2530DB\..\..\..\..\..\Component #
#                          s\mac\low_level\srf04\ -I                          #
#                          E:\Projects\IGreen-Zigbee\zigbee\Projects\zstack\S #
#                          amples\SampleApp\CC2530DB\..\..\..\..\..\Component #
#                          s\mac\low_level\srf04\single_chip\ -I              #
#                          E:\Projects\IGreen-Zigbee\zigbee\Projects\zstack\S #
#                          amples\SampleApp\CC2530DB\..\..\..\..\..\Component #
#                          s\mt\ -I E:\Projects\IGreen-Zigbee\zigbee\Projects #
#                          \zstack\Samples\SampleApp\CC2530DB\..\..\..\..\..\ #
#                          Components\osal\include\ -I                        #
#                          E:\Projects\IGreen-Zigbee\zigbee\Projects\zstack\S #
#                          amples\SampleApp\CC2530DB\..\..\..\..\..\Component #
#                          s\services\saddr\ -I E:\Projects\IGreen-Zigbee\zig #
#                          bee\Projects\zstack\Samples\SampleApp\CC2530DB\..\ #
#                          ..\..\..\..\Components\services\sdata\ -I          #
#                          E:\Projects\IGreen-Zigbee\zigbee\Projects\zstack\S #
#                          amples\SampleApp\CC2530DB\..\..\..\..\..\Component #
#                          s\stack\af\ -I E:\Projects\IGreen-Zigbee\zigbee\Pr #
#                          ojects\zstack\Samples\SampleApp\CC2530DB\..\..\..\ #
#                          ..\..\Components\stack\nwk\ -I                     #
#                          E:\Projects\IGreen-Zigbee\zigbee\Projects\zstack\S #
#                          amples\SampleApp\CC2530DB\..\..\..\..\..\Component #
#                          s\stack\sapi\ -I E:\Projects\IGreen-Zigbee\zigbee\ #
#                          Projects\zstack\Samples\SampleApp\CC2530DB\..\..\. #
#                          .\..\..\Components\stack\sec\ -I                   #
#                          E:\Projects\IGreen-Zigbee\zigbee\Projects\zstack\S #
#                          amples\SampleApp\CC2530DB\..\..\..\..\..\Component #
#                          s\stack\sys\ -I E:\Projects\IGreen-Zigbee\zigbee\P #
#                          rojects\zstack\Samples\SampleApp\CC2530DB\..\..\.. #
#                          \..\..\Components\stack\zdo\ -I                    #
#                          E:\Projects\IGreen-Zigbee\zigbee\Projects\zstack\S #
#                          amples\SampleApp\CC2530DB\..\..\..\..\..\Component #
#                          s\zmac\ -I E:\Projects\IGreen-Zigbee\zigbee\Projec #
#                          ts\zstack\Samples\SampleApp\CC2530DB\..\..\..\..\. #
#                          .\Components\zmac\f8w\ -Ohz --require_prototypes   #
#    List file          =  E:\Projects\IGreen-Zigbee\zigbee\Projects\zstack\S #
#                          amples\SampleApp\CC2530DB\CoordinatorEB\List\Sampl #
#                          eApp.lst                                           #
#    Object file        =  E:\Projects\IGreen-Zigbee\zigbee\Projects\zstack\S #
#                          amples\SampleApp\CC2530DB\CoordinatorEB\Obj\Sample #
#                          App.r51                                            #
#                                                                             #
#                                                                             #
###############################################################################

E:\Projects\IGreen-Zigbee\zigbee\Projects\zstack\Samples\SampleApp\Source\SampleApp.c
      1          #include <stdio.h>
      2          #include <string.h>
      3          #include "OSAL.h"
      4          #include "ZGlobals.h"
      5          #include "AF.h"
      6          #include "aps_groups.h"
      7          #include "ZDApp.h"
      8          
      9          #include "SampleApp.h"
     10          #include "SampleAppHw.h"
     11          
     12          #include "OnBoard.h"

   \                                 In  segment SFR_AN, at 0xf3
   \   unsigned char volatile __sfr P0SEL
   \                     P0SEL:
   \   000000                DS 1
     13          
     14          /* HAL */
     15          #include "hal_lcd.h"
     16          #include "hal_led.h"
     17          #include "hal_key.h"
     18          
     19          #include  "MT_UART.h" //此处用于串口
     20          
     21          #include "DHT11.H" //温湿度传感器头文件      
     22          #include "instructions.h" //存放Igreen通信协议
     23          
     24          /**
     25          *  @CopyRight(版权): 华韵科技有限公司 2016~2026
     26          *  @作者： 主要负责人：姜陈俊 辅助：王辰浩
     27          *  @日期： 2016/4/5
     28          *  @描述： 本文件是应用的主要文件
     29          *  @主要函数列表：
     30          *      1. void SampleApp_SendPeriodicMessage(void) //周期性发送数据给主节点
     31          *      2. void SampleApp_MessageMSGCB(afIncomingMSGPacket_t *pkt)
     32          *                                                  //主节点将信息通过串口发送出去
     33          */
     34          
     35          #define LED P1_0
     36          #define HUMI_PIN P2_0 //定义土壤湿度的检测引脚
     37          
     38          /*----------------------------------------------------------
     39          *            如下内容为结构体声明和变量、函数声明
     40          *----------------------------------------------------------*/
     41          
     42          void SampleApp_HandleKeys( uint8 shift, uint8 keys );
     43          void SampleApp_MessageMSGCB( afIncomingMSGPacket_t *pckt );
     44          void SampleApp_SendPeriodicMessage( void );
     45          void SampleApp_SendFlashMessage( uint16 flashTime );
     46          
     47          
     48          // 该列表需要填放应用程序特定的Cluster IDs(暂译为簇ID)

   \                                 In  segment XDATA_ROM_C, align 1
     49          const cId_t SampleApp_ClusterList[SAMPLEAPP_MAX_CLUSTERS] =
   \                     SampleApp_ClusterList:
   \   000000   0100         DW 1
   \   000002   0200         DW 2
     50          {
     51            SAMPLEAPP_PERIODIC_CLUSTERID,
     52            SAMPLEAPP_FLASH_CLUSTERID
     53          };
     54          

   \                                 In  segment XDATA_ROM_C, align 1
     55          const SimpleDescriptionFormat_t SampleApp_SimpleDesc =
   \                     SampleApp_SimpleDesc:
   \   000000   14           DB 20
   \   000001   080F         DW 3848
   \   000003   0100         DW 1
   \   000005   00           DB 0
   \   000006   02           DB 2
   \   000007   ....         DW SampleApp_ClusterList
   \   000009   02           DB 2
   \   00000A   ....         DW SampleApp_ClusterList
     56          {
     57            SAMPLEAPP_ENDPOINT,              //  int Endpoint;
     58            SAMPLEAPP_PROFID,                //  uint16 AppProfId[2];
     59            SAMPLEAPP_DEVICEID,              //  uint16 AppDeviceId[2];
     60            SAMPLEAPP_DEVICE_VERSION,        //  int   AppDevVer:4;
     61            SAMPLEAPP_FLAGS,                 //  int   AppFlags:4;
     62            SAMPLEAPP_MAX_CLUSTERS,          //  uint8  AppNumInClusters;
     63            (cId_t *)SampleApp_ClusterList,  //  uint8 *pAppInClusterList;
     64            SAMPLEAPP_MAX_CLUSTERS,          //  uint8  AppNumInClusters;
     65            (cId_t *)SampleApp_ClusterList   //  uint8 *pAppInClusterList;
     66          };
     67          
     68          // This is the Endpoint/Interface description.  It is defined here, but
     69          // filled-in in SampleApp_Init().  Another way to go would be to fill
     70          // in the structure here and make it a "const" (in code space).  The
     71          // way it's defined in this sample app it is define in RAM.

   \                                 In  segment XDATA_Z, align 1, keep-with-next
     72          endPointDesc_t SampleApp_epDesc;
   \                     SampleApp_epDesc:
   \   000000                DS 6
   \   000006                REQUIRE __INIT_XDATA_Z
     73          
     74          

   \                                 In  segment XDATA_Z, align 1, keep-with-next
     75          uint8 SampleApp_TaskID;   // Task ID for internal task/event processing
   \                     SampleApp_TaskID:
   \   000000                DS 1
   \   000001                REQUIRE __INIT_XDATA_Z
     76                                    // This variable will be received when
     77                                    // SampleApp_Init() is called.

   \                                 In  segment XDATA_Z, align 1, keep-with-next
     78          devStates_t SampleApp_NwkState;
   \                     SampleApp_NwkState:
   \   000000                DS 1
   \   000001                REQUIRE __INIT_XDATA_Z
     79          

   \                                 In  segment XDATA_Z, align 1, keep-with-next
     80          uint8 SampleApp_TransID;  // This is the unique message ID (counter)
   \                     SampleApp_TransID:
   \   000000                DS 1
   \   000001                REQUIRE __INIT_XDATA_Z
     81          

   \                                 In  segment XDATA_Z, align 1, keep-with-next
     82          afAddrType_t SampleApp_Periodic_DstAddr;
   \                     SampleApp_Periodic_DstAddr:
   \   000000                DS 12
   \   00000C                REQUIRE __INIT_XDATA_Z

   \                                 In  segment XDATA_Z, align 1, keep-with-next
     83          afAddrType_t SampleApp_Flash_DstAddr;
   \                     SampleApp_Flash_DstAddr:
   \   000000                DS 12
   \   00000C                REQUIRE __INIT_XDATA_Z
     84          

   \                                 In  segment XDATA_Z, align 1, keep-with-next
     85          aps_Group_t SampleApp_Group;
   \                     SampleApp_Group:
   \   000000                DS 18
   \   000012                REQUIRE __INIT_XDATA_Z
     86          

   \                                 In  segment XDATA_Z, align 1, keep-with-next
     87          uint8 SampleAppPeriodicCounter = 0;
   \                     SampleAppPeriodicCounter:
   \   000000                DS 1
   \   000001                REQUIRE __INIT_XDATA_Z

   \                                 In  segment XDATA_Z, align 1, keep-with-next
     88          uint8 SampleAppFlashCounter = 0;
   \                     SampleAppFlashCounter:
   \   000000                DS 1
   \   000001                REQUIRE __INIT_XDATA_Z
     89          
     90          /*----------------------------------------------------------------*
     91           * @函数      SampleApp_SendPeriodicMessage
     92           * @简介   发送周期性信息(给主节点)
     93           * @参数    none
     94           * @返回值  none
     95           *----------------------------------------------------------------*/

   \                                 In  segment BANKED_CODE, align 1, keep-with-next
     96          void SampleApp_SendPeriodicMessage( void )
   \                     SampleApp_SendPeriodicMessage:
     97          {
   \   000000   74F6         MOV     A,#-0xa
   \   000002   12....       LCALL   ?BANKED_ENTER_XDATA
   \   000005                ; Saved register size: 10
   \   000005                ; Auto size: 32
   \   000005   74E0         MOV     A,#-0x20
   \   000007   12....       LCALL   ?ALLOC_XSTACK8
     98            uint8 buffer[32];
     99            /*----------------------------------- 
    100             *  温度湿度检测将其放入缓冲区
    101             *----------------------------------*/
    102            DHT11();    //温度检测
   \   00000A                ; Setup parameters for call to function DHT11
   \   00000A   12....       LCALL   ??DHT11?relay
    103            buffer[0] = RES_TEMP;   //温度湿度 
   \   00000D   85..82       MOV     DPL,?XSP + 0
   \   000010   85..83       MOV     DPH,?XSP + 1
   \   000013   7450         MOV     A,#0x50
   \   000015   F0           MOVX    @DPTR,A
    104            buffer[1] = 0;          //4byte=32bit 唯一ID
   \   000016   7401         MOV     A,#0x1
   \   000018   12....       LCALL   ?XSTACK_DISP0_8
   \   00001B   E4           CLR     A
   \   00001C   F0           MOVX    @DPTR,A
    105            buffer[2] = 0;
   \   00001D   7402         MOV     A,#0x2
   \   00001F   12....       LCALL   ?XSTACK_DISP0_8
   \   000022   E4           CLR     A
   \   000023   F0           MOVX    @DPTR,A
    106            buffer[3] = 0;
   \   000024   7403         MOV     A,#0x3
   \   000026   12....       LCALL   ?XSTACK_DISP0_8
   \   000029   E4           CLR     A
   \   00002A   F0           MOVX    @DPTR,A
    107            buffer[4] = 1;
   \   00002B   7404         MOV     A,#0x4
   \   00002D   12....       LCALL   ?XSTACK_DISP0_8
   \   000030   7401         MOV     A,#0x1
   \   000032   F0           MOVX    @DPTR,A
    108            buffer[5] = CMD_SEP; 
   \   000033   7405         MOV     A,#0x5
   \   000035   12....       LCALL   ?XSTACK_DISP0_8
   \   000038   742F         MOV     A,#0x2f
   \   00003A   F0           MOVX    @DPTR,A
    109            buffer[6] = temp_decade + '0';
   \   00003B   90....       MOV     DPTR,#temp_decade
   \   00003E   E0           MOVX    A,@DPTR
   \   00003F   2430         ADD     A,#0x30
   \   000041   C0E0         PUSH    A
   \   000043   7406         MOV     A,#0x6
   \   000045   12....       LCALL   ?XSTACK_DISP0_8
   \   000048   D0E0         POP     A
   \   00004A   F0           MOVX    @DPTR,A
    110            buffer[7] = temp_unit   + '0';
   \   00004B   90....       MOV     DPTR,#temp_unit
   \   00004E   E0           MOVX    A,@DPTR
   \   00004F   2430         ADD     A,#0x30
   \   000051   C0E0         PUSH    A
   \   000053   7407         MOV     A,#0x7
   \   000055   12....       LCALL   ?XSTACK_DISP0_8
   \   000058   D0E0         POP     A
   \   00005A   F0           MOVX    @DPTR,A
    111          //  buffer[8] = CMD_SEP; 
    112          //  buffer[9] = humi_decade + '0';
    113          //  buffer[10]= humi_unit   + '0';
    114            buffer[8]= CMD_END; 
   \   00005B   7408         MOV     A,#0x8
   \   00005D   12....       LCALL   ?XSTACK_DISP0_8
   \   000060   7445         MOV     A,#0x45
   \   000062   F0           MOVX    @DPTR,A
    115            //将温度湿度发送给节点
    116            if ( AF_DataRequest( &SampleApp_Periodic_DstAddr, &SampleApp_epDesc,
    117                                 SAMPLEAPP_PERIODIC_CLUSTERID, //和主节点中SampleApp_MessageMSGCB的SAMPLEAPP_PERIODIC_CLUSTERID一致。
    118                                 9,//字节数
    119                                 buffer,//指针头
    120                                 &SampleApp_TransID,
    121                                 AF_DISCV_ROUTE,
    122                                 AF_DEFAULT_RADIUS ) == afStatus_SUCCESS )
   \   000063                ; Setup parameters for call to function AF_DataRequest
   \   000063   75..1E       MOV     ?V0 + 0,#0x1e
   \   000066   78..         MOV     R0,#?V0 + 0
   \   000068   12....       LCALL   ?PUSH_XSTACK_I_ONE
   \   00006B   75....       MOV     ?V0 + 0,#SampleApp_TransID & 0xff
   \   00006E   75....       MOV     ?V0 + 1,#(SampleApp_TransID >> 8) & 0xff
   \   000071   78..         MOV     R0,#?V0 + 0
   \   000073   12....       LCALL   ?PUSH_XSTACK_I_TWO
   \   000076   7403         MOV     A,#0x3
   \   000078   12....       LCALL   ?XSTACK_DISP0_8
   \   00007B   8582..       MOV     ?V0 + 0,DPL
   \   00007E   8583..       MOV     ?V0 + 1,DPH
   \   000081   78..         MOV     R0,#?V0 + 0
   \   000083   12....       LCALL   ?PUSH_XSTACK_I_TWO
   \   000086   75..09       MOV     ?V0 + 0,#0x9
   \   000089   75..00       MOV     ?V0 + 1,#0x0
   \   00008C   78..         MOV     R0,#?V0 + 0
   \   00008E   12....       LCALL   ?PUSH_XSTACK_I_TWO
   \   000091   75..01       MOV     ?V0 + 0,#0x1
   \   000094   78..         MOV     R0,#?V0 + 0
   \   000096   12....       LCALL   ?PUSH_XSTACK_I_TWO
   \   000099   7920         MOV     R1,#0x20
   \   00009B   7C..         MOV     R4,#SampleApp_epDesc & 0xff
   \   00009D   7D..         MOV     R5,#(SampleApp_epDesc >> 8) & 0xff
   \   00009F   7A..         MOV     R2,#SampleApp_Periodic_DstAddr & 0xff
   \   0000A1   7B..         MOV     R3,#(SampleApp_Periodic_DstAddr >> 8) & 0xff
   \   0000A3   12....       LCALL   ??AF_DataRequest?relay
   \   0000A6   7409         MOV     A,#0x9
   \   0000A8   12....       LCALL   ?DEALLOC_XSTACK8
    123            {
    124            }
    125            else
    126            {
    127              // Error occurred in request to send.
    128            }
    129          
    130          //  if(HUMI_PIN) //如果湿度传感器为正
    131          //  {
    132          //    LED = 1;
    133          //    data[0] = '1';
    134          //  }
    135          //  else
    136          //  {
    137          //    LED = 0;
    138          //    data[0] = '0';   
    139          //  }
    140          }
   \   0000AB   7420         MOV     A,#0x20
   \   0000AD   02....       LJMP    ?Subroutine0 & 0xFFFF

   \                                 In  segment BANKED_CODE, align 1, keep-with-next
   \                     ?Subroutine0:
   \   000000   12....       LCALL   ?DEALLOC_XSTACK8
   \   000003                REQUIRE ??Subroutine1_0
   \   000003                ; // Fall through to label ??Subroutine1_0

   \                                 In  segment BANKED_CODE, align 1, keep-with-next
   \                     ??Subroutine1_0:
   \   000000   7F02         MOV     R7,#0x2
   \   000002   02....       LJMP    ?BANKED_LEAVE_XDATA
    141          
    142          /*-----------------------------------------------------------------------------
    143           * @fn      SampleApp_MessageMSGCB
    144           * @brief   数据信息处理器的回调函数。该函数处理任何进来的数据（可能来自与其他设备）
    145           *          因此，依赖于cluster ID(簇ID)，进行相应的操作
    146           * @param   none
    147           * @return  none
    148           *---------------------------------------------------------------------------*/

   \                                 In  segment BANKED_CODE, align 1, keep-with-next
    149          void SampleApp_MessageMSGCB( afIncomingMSGPacket_t *pkt )
   \                     SampleApp_MessageMSGCB:
    150          {
   \   000000   74F6         MOV     A,#-0xa
   \   000002   12....       LCALL   ?BANKED_ENTER_XDATA
   \   000005                ; Saved register size: 10
   \   000005                ; Auto size: 0
    151            int i;
    152            uint16 flashTime;
    153            uint8 buffer[64];
                         ^
Warning[Pe177]: variable "buffer" was declared but never referenced
    154          
    155            switch ( pkt->clusterId )
   \   000005   8A82         MOV     DPL,R2
   \   000007   8B83         MOV     DPH,R3
   \   000009   A3           INC     DPTR
   \   00000A   A3           INC     DPTR
   \   00000B   A3           INC     DPTR
   \   00000C   A3           INC     DPTR
   \   00000D   E0           MOVX    A,@DPTR
   \   00000E   F5..         MOV     ?V0 + 0,A
   \   000010   A3           INC     DPTR
   \   000011   E0           MOVX    A,@DPTR
   \   000012   F5..         MOV     ?V0 + 1,A
   \   000014   78..         MOV     R0,#?V0 + 0
   \   000016   12....       LCALL   ?US_SWITCH_DENSE
   \                     `?<Jumptable for SampleApp_MessageMSGCB>_0`:
   \   000019   0100         DW        1
   \   00001B   01           DB        1
   \   00001C   ....         DW        ??SampleApp_MessageMSGCB_0
   \   00001E   ....         DW        ??SampleApp_MessageMSGCB_1
   \   000020   ....         DW        ??SampleApp_MessageMSGCB_2
    156            {
    157              case SAMPLEAPP_PERIODIC_CLUSTERID: //接到SAMPLEAPP_PERIODIC_CLUSTERID的数据
    158                {
    159                    for (i = 0; i < 32; i++) {
   \                     ??SampleApp_MessageMSGCB_1:
   \   000022   7800         MOV     R0,#0x0
   \   000024   7900         MOV     R1,#0x0
    160                        if (pkt->cmd.Data[i] == CMD_END)  //找到一条指令，则将该指令(0~i+1之间的字符串)发送出去
   \                     ??SampleApp_MessageMSGCB_3:
   \   000026   EA           MOV     A,R2
   \   000027   2422         ADD     A,#0x22
   \   000029   F582         MOV     DPL,A
   \   00002B   EB           MOV     A,R3
   \   00002C   3400         ADDC    A,#0x0
   \   00002E   F583         MOV     DPH,A
   \   000030   E0           MOVX    A,@DPTR
   \   000031   28           ADD     A,R0
   \   000032   FC           MOV     R4,A
   \   000033   A3           INC     DPTR
   \   000034   E0           MOVX    A,@DPTR
   \   000035   39           ADDC    A,R1
   \   000036   8C82         MOV     DPL,R4
   \   000038   F583         MOV     DPH,A
   \   00003A   E0           MOVX    A,@DPTR
   \   00003B   6445         XRL     A,#0x45
   \   00003D   703C         JNZ     ??SampleApp_MessageMSGCB_4
   \   00003F   E8           MOV     A,R0
   \   000040   2401         ADD     A,#0x1
   \   000042   FE           MOV     R6,A
   \   000043   E9           MOV     A,R1
   \   000044   3400         ADDC    A,#0x0
   \   000046   FF           MOV     R7,A
   \   000047   EA           MOV     A,R2
   \   000048   2422         ADD     A,#0x22
   \   00004A   F8           MOV     R0,A
   \   00004B   EB           MOV     A,R3
   \   00004C   3400         ADDC    A,#0x0
   \   00004E   F9           MOV     R1,A
   \   00004F   88..         MOV     ?V0 + 0,R0
   \   000051   89..         MOV     ?V0 + 1,R1
   \   000053                ; Setup parameters for call to function HalUARTWrite
   \   000053   EE           MOV     A,R6
   \   000054   FC           MOV     R4,A
   \   000055   EF           MOV     A,R7
   \   000056   FD           MOV     R5,A
   \   000057   8882         MOV     DPL,R0
   \   000059   8983         MOV     DPH,R1
   \   00005B   E0           MOVX    A,@DPTR
   \   00005C   FA           MOV     R2,A
   \   00005D   A3           INC     DPTR
   \   00005E   E0           MOVX    A,@DPTR
   \   00005F   FB           MOV     R3,A
   \   000060   7900         MOV     R1,#0x0
    161                        {
    162                            HalUARTWrite(0, &pkt->cmd.Data[0], i+1); //打印收到数据(数量为end-start+1)
   \   000062   12....       LCALL   ??HalUARTWrite?relay
    163                            HalUARTWrite(1, &pkt->cmd.Data[0], i+1); //打印收到数据(数量为end-start+1)
   \   000065                ; Setup parameters for call to function HalUARTWrite
   \   000065   EE           MOV     A,R6
   \   000066   FC           MOV     R4,A
   \   000067   EF           MOV     A,R7
   \   000068   FD           MOV     R5,A
   \   000069   85..82       MOV     DPL,?V0 + 0
   \   00006C   85..83       MOV     DPH,?V0 + 1
   \   00006F   E0           MOVX    A,@DPTR
   \   000070   FA           MOV     R2,A
   \   000071   A3           INC     DPTR
   \   000072   E0           MOVX    A,@DPTR
   \   000073   FB           MOV     R3,A
   \   000074   7901         MOV     R1,#0x1
   \   000076   12....       LCALL   ??HalUARTWrite?relay
    164                            break;
   \   000079   8056         SJMP    ??SampleApp_MessageMSGCB_0
    165                        }
    166                    }
   \                     ??SampleApp_MessageMSGCB_4:
   \   00007B   E8           MOV     A,R0
   \   00007C   2401         ADD     A,#0x1
   \   00007E   08           INC     R0
   \   00007F   E9           MOV     A,R1
   \   000080   3400         ADDC    A,#0x0
   \   000082   F9           MOV     R1,A
   \   000083   C3           CLR     C
   \   000084   E8           MOV     A,R0
   \   000085   9420         SUBB    A,#0x20
   \   000087   E9           MOV     A,R1
   \   000088   9400         SUBB    A,#0x0
   \   00008A   A2D2         MOV     C,0xD0 /* PSW */.2
   \   00008C   65D0         XRL     A,PSW
   \   00008E   33           RLC     A
   \   00008F   5040         JNC     ??SampleApp_MessageMSGCB_0
   \   000091   8093         SJMP    ??SampleApp_MessageMSGCB_3
    167                }
    168                break;
    169          
    170              case SAMPLEAPP_FLASH_CLUSTERID:
    171                flashTime = BUILD_UINT16(pkt->cmd.Data[1], pkt->cmd.Data[2] );
    172                HalLedBlink( HAL_LED_4, 4, 50, (flashTime / 4) );
   \                     ??SampleApp_MessageMSGCB_2:
   \   000093   EA           MOV     A,R2
   \   000094   2422         ADD     A,#0x22
   \   000096   F5..         MOV     ?V0 + 0,A
   \   000098   EB           MOV     A,R3
   \   000099   3400         ADDC    A,#0x0
   \   00009B   85..82       MOV     DPL,?V0 + 0
   \   00009E   F583         MOV     DPH,A
   \   0000A0   E0           MOVX    A,@DPTR
   \   0000A1   F8           MOV     R0,A
   \   0000A2   A3           INC     DPTR
   \   0000A3   E0           MOVX    A,@DPTR
   \   0000A4   F9           MOV     R1,A
   \   0000A5                ; Setup parameters for call to function HalLedBlink
   \   0000A5   8882         MOV     DPL,R0
   \   0000A7   8983         MOV     DPH,R1
   \   0000A9   A3           INC     DPTR
   \   0000AA   E0           MOVX    A,@DPTR
   \   0000AB   FA           MOV     R2,A
   \   0000AC   8882         MOV     DPL,R0
   \   0000AE   8983         MOV     DPH,R1
   \   0000B0   A3           INC     DPTR
   \   0000B1   A3           INC     DPTR
   \   0000B2   E0           MOVX    A,@DPTR
   \   0000B3   F9           MOV     R1,A
   \   0000B4   EA           MOV     A,R2
   \   0000B5   2400         ADD     A,#0x0
   \   0000B7   F5..         MOV     ?V0 + 0,A
   \   0000B9   E4           CLR     A
   \   0000BA   39           ADDC    A,R1
   \   0000BB   F5..         MOV     ?V0 + 1,A
   \   0000BD   7402         MOV     A,#0x2
   \   0000BF   78..         MOV     R0,#?V0 + 0
   \   0000C1   12....       LCALL   ?US_SHR
   \   0000C4   AC..         MOV     R4,?V0 + 0
   \   0000C6   AD..         MOV     R5,?V0 + 1
   \   0000C8   7B32         MOV     R3,#0x32
   \   0000CA   7A04         MOV     R2,#0x4
   \   0000CC   7908         MOV     R1,#0x8
   \   0000CE   12....       LCALL   ??HalLedBlink?relay
    173                break;
    174            }
    175          }
   \                     ??SampleApp_MessageMSGCB_0:
   \   0000D1   80..         SJMP    ??Subroutine1_0
    176          
    177          
    178          /*********************************************************************
    179           * @fn      SampleApp_Init
    180           *
    181           * @brief   Initialization function for the Generic App Task.
    182           *          This is called during initialization and should contain
    183           *          any application specific initialization (ie. hardware
    184           *          initialization/setup, table initialization, power up
    185           *          notificaiton ... ).
    186           *
    187           * @param   task_id - the ID assigned by OSAL.  This ID should be
    188           *                    used to send messages and set timers.
    189           *
    190           * @return  none
    191           */

   \                                 In  segment BANKED_CODE, align 1, keep-with-next
    192          void SampleApp_Init( uint8 task_id )
   \                     SampleApp_Init:
    193          {
   \   000000   74F5         MOV     A,#-0xb
   \   000002   12....       LCALL   ?BANKED_ENTER_XDATA
   \   000005                ; Saved register size: 11
   \   000005                ; Auto size: 0
   \   000005   E9           MOV     A,R1
   \   000006   FE           MOV     R6,A
    194            SampleApp_TaskID = task_id;
   \   000007   90....       MOV     DPTR,#SampleApp_TaskID
   \   00000A   F0           MOVX    @DPTR,A
    195            SampleApp_NwkState = DEV_INIT;
   \   00000B   90....       MOV     DPTR,#SampleApp_NwkState
   \   00000E   7401         MOV     A,#0x1
   \   000010   F0           MOVX    @DPTR,A
    196            SampleApp_TransID = 0;
   \   000011   90....       MOV     DPTR,#SampleApp_TransID
   \   000014   E4           CLR     A
   \   000015   F0           MOVX    @DPTR,A
    197            
    198            MT_UartInit();//串口初始化
   \   000016                ; Setup parameters for call to function MT_UartInit
   \   000016   12....       LCALL   ??MT_UartInit?relay
    199            MT_UartRegisterTaskID(task_id);//登记任务号
   \   000019                ; Setup parameters for call to function MT_UartRegisterTaskID
   \   000019   EE           MOV     A,R6
   \   00001A   F9           MOV     R1,A
   \   00001B   12....       LCALL   ??MT_UartRegisterTaskID?relay
    200            HalUARTWrite(0,"Hello IGreen\n",12); //（串口0，'字符'，字符个数。）
   \   00001E                ; Setup parameters for call to function HalUARTWrite
   \   00001E   7C0C         MOV     R4,#0xc
   \   000020   7D00         MOV     R5,#0x0
   \   000022   7A..         MOV     R2,#`?<Constant "Hello IGreen\\n">` & 0xff
   \   000024   7B..         MOV     R3,#(`?<Constant "Hello IGreen\\n">` >> 8) & 0xff
   \   000026   7900         MOV     R1,#0x0
   \   000028   12....       LCALL   ??HalUARTWrite?relay
    201            
    202            /*------------------------------------------ 
    203             *        引脚初始化
    204             *------------------------------------------*/
    205          //  P1DIR |= 0x010 ; //P1_0  定义为输出   湿度传感器
    206          //  P1INP |= 0X01;   // 打开下拉
    207            
    208          //  P2SEL &= ~0X01;  // 设置 0 P20  为普通 O IO  口
    209          //  P2DIR &= ~0X01;  // 在 在 0 P20  口，设置为输入模式
    210          //  P2INP &= ~0x01;  // 打开 0 P20  上拉电阻, , 不影响
    211            
    212            P0SEL &= 0xbf;   //DS18B20/DHT11 IO口初始化
   \   00002B   53F3BF       ANL     0xf3,#0xbf
    213            
    214            // Device hardware initialization can be added here or in main() (Zmain.c).
    215            // If the hardware is application specific - add it here.
    216            // If the hardware is other parts of the device add it in main().
    217          
    218           #if defined ( BUILD_ALL_DEVICES )
    219            // The "Demo" target is setup to have BUILD_ALL_DEVICES and HOLD_AUTO_START
    220            // We are looking at a jumper (defined in SampleAppHw.c) to be jumpered
    221            // together - if they are - we will start up a coordinator. Otherwise,
    222            // the device will start as a router.
    223            if ( readCoordinatorJumper() )
    224              zgDeviceLogicalType = ZG_DEVICETYPE_COORDINATOR;
    225            else
    226              zgDeviceLogicalType = ZG_DEVICETYPE_ROUTER;
    227          #endif // BUILD_ALL_DEVICES
    228          
    229          #if defined ( HOLD_AUTO_START )
    230            // HOLD_AUTO_START is a compile option that will surpress ZDApp
    231            //  from starting the device and wait for the application to
    232            //  start the device.
    233            ZDOInitDevice(0);
    234          #endif
    235          
    236            // Setup for the periodic message's destination address
    237            // Broadcast to everyone
    238            SampleApp_Periodic_DstAddr.addrMode = (afAddrMode_t)AddrBroadcast;
   \   00002E   90....       MOV     DPTR,#SampleApp_Periodic_DstAddr + 8
   \   000031   740F         MOV     A,#0xf
   \   000033   F0           MOVX    @DPTR,A
    239            SampleApp_Periodic_DstAddr.endPoint = SAMPLEAPP_ENDPOINT;
   \   000034   A3           INC     DPTR
   \   000035   7414         MOV     A,#0x14
   \   000037   F0           MOVX    @DPTR,A
    240            SampleApp_Periodic_DstAddr.addr.shortAddr = 0xFFFF;//数据包发送到网络上所有设备
   \   000038   90....       MOV     DPTR,#SampleApp_Periodic_DstAddr
   \   00003B   74FF         MOV     A,#-0x1
   \   00003D   F0           MOVX    @DPTR,A
   \   00003E   A3           INC     DPTR
   \   00003F   F0           MOVX    @DPTR,A
    241          
    242            // Setup for the flash command's destination address - Group 1
    243            SampleApp_Flash_DstAddr.addrMode = (afAddrMode_t)afAddrGroup;
   \   000040   90....       MOV     DPTR,#SampleApp_Flash_DstAddr + 8
   \   000043   7401         MOV     A,#0x1
   \   000045   F0           MOVX    @DPTR,A
    244            SampleApp_Flash_DstAddr.endPoint = SAMPLEAPP_ENDPOINT;
   \   000046   A3           INC     DPTR
   \   000047   7414         MOV     A,#0x14
   \   000049   F0           MOVX    @DPTR,A
    245            SampleApp_Flash_DstAddr.addr.shortAddr = SAMPLEAPP_FLASH_GROUP;
   \   00004A   90....       MOV     DPTR,#SampleApp_Flash_DstAddr
   \   00004D   7401         MOV     A,#0x1
   \   00004F   F0           MOVX    @DPTR,A
   \   000050   A3           INC     DPTR
   \   000051   E4           CLR     A
   \   000052   F0           MOVX    @DPTR,A
    246          
    247            // Fill out the endpoint description.
    248            SampleApp_epDesc.endPoint = SAMPLEAPP_ENDPOINT;
   \   000053   90....       MOV     DPTR,#SampleApp_epDesc
   \   000056   7414         MOV     A,#0x14
   \   000058   F0           MOVX    @DPTR,A
    249            SampleApp_epDesc.task_id = &SampleApp_TaskID;
   \   000059   A3           INC     DPTR
   \   00005A   74..         MOV     A,#SampleApp_TaskID & 0xff
   \   00005C   F0           MOVX    @DPTR,A
   \   00005D   A3           INC     DPTR
   \   00005E   74..         MOV     A,#(SampleApp_TaskID >> 8) & 0xff
   \   000060   F0           MOVX    @DPTR,A
    250            SampleApp_epDesc.simpleDesc
    251                      = (SimpleDescriptionFormat_t *)&SampleApp_SimpleDesc;
   \   000061   A3           INC     DPTR
   \   000062   74..         MOV     A,#SampleApp_SimpleDesc & 0xff
   \   000064   F0           MOVX    @DPTR,A
   \   000065   A3           INC     DPTR
   \   000066   74..         MOV     A,#(SampleApp_SimpleDesc >> 8) & 0xff
   \   000068   F0           MOVX    @DPTR,A
    252            SampleApp_epDesc.latencyReq = noLatencyReqs;
   \   000069   A3           INC     DPTR
   \   00006A   E4           CLR     A
   \   00006B   F0           MOVX    @DPTR,A
    253          
    254            // Register the endpoint description with the AF
    255            afRegister( &SampleApp_epDesc );
   \   00006C                ; Setup parameters for call to function afRegister
   \   00006C   7A..         MOV     R2,#SampleApp_epDesc & 0xff
   \   00006E   7B..         MOV     R3,#(SampleApp_epDesc >> 8) & 0xff
   \   000070   12....       LCALL   ??afRegister?relay
    256          
    257            // Register for all key events - This app will handle all key events
    258            RegisterForKeys( SampleApp_TaskID );
   \   000073                ; Setup parameters for call to function RegisterForKeys
   \   000073   90....       MOV     DPTR,#SampleApp_TaskID
   \   000076   E0           MOVX    A,@DPTR
   \   000077   F9           MOV     R1,A
   \   000078   12....       LCALL   ??RegisterForKeys?relay
    259          
    260            // By default, all devices start out in Group 1
    261            SampleApp_Group.ID = 0x0001;
   \   00007B   90....       MOV     DPTR,#SampleApp_Group
   \   00007E   7401         MOV     A,#0x1
   \   000080   F0           MOVX    @DPTR,A
   \   000081   A3           INC     DPTR
   \   000082   E4           CLR     A
   \   000083   F0           MOVX    @DPTR,A
    262            osal_memcpy( SampleApp_Group.name, "Group 1", 7  );
   \   000084                ; Setup parameters for call to function osal_memcpy
   \   000084   75....       MOV     ?V0 + 0,#`?<Constant "Group 1">` & 0xff
   \   000087   75....       MOV     ?V0 + 1,#(`?<Constant "Group 1">` >> 8) & 0xff
   \   00008A   F5..         MOV     ?V0 + 2,A
   \   00008C   78..         MOV     R0,#?V0 + 0
   \   00008E   12....       LCALL   ?PUSH_XSTACK_I_THREE
   \   000091   7C07         MOV     R4,#0x7
   \   000093   7D00         MOV     R5,#0x0
   \   000095   7A..         MOV     R2,#(SampleApp_Group + 2) & 0xff
   \   000097   7B..         MOV     R3,#((SampleApp_Group + 2) >> 8) & 0xff
   \   000099   12....       LCALL   ??osal_memcpy?relay
   \   00009C   7403         MOV     A,#0x3
   \   00009E   12....       LCALL   ?DEALLOC_XSTACK8
    263            aps_AddGroup( SAMPLEAPP_ENDPOINT, &SampleApp_Group );
   \   0000A1                ; Setup parameters for call to function aps_AddGroup
   \   0000A1   7A..         MOV     R2,#SampleApp_Group & 0xff
   \   0000A3   7B..         MOV     R3,#(SampleApp_Group >> 8) & 0xff
   \   0000A5   7914         MOV     R1,#0x14
   \   0000A7   12....       LCALL   ??aps_AddGroup?relay
    264          
    265          #if defined ( LCD_SUPPORTED )
    266            HalLcdWriteString( "SampleApp", HAL_LCD_LINE_1 );
   \   0000AA                ; Setup parameters for call to function HalLcdWriteString
   \   0000AA   7901         MOV     R1,#0x1
   \   0000AC   7A..         MOV     R2,#`?<Constant "SampleApp">` & 0xff
   \   0000AE   7B..         MOV     R3,#(`?<Constant "SampleApp">` >> 8) & 0xff
   \   0000B0   12....       LCALL   ??HalLcdWriteString?relay
    267          #endif
    268          }
   \   0000B3   7F03         MOV     R7,#0x3
   \   0000B5   02....       LJMP    ?BANKED_LEAVE_XDATA
   \   0000B8                REQUIRE P0SEL
    269          
    270          /*********************************************************************
    271           * @fn      SampleApp_ProcessEvent
    272           *
    273           * @brief   Generic Application Task event processor.  This function
    274           *          is called to process all events for the task.  Events
    275           *          include timers, messages and any other user defined events.
    276           *
    277           * @param   task_id  - The OSAL assigned task ID.
    278           * @param   events - events to process.  This is a bit map and can
    279           *                   contain more than one event.
    280           *
    281           * @return  none
    282           */

   \                                 In  segment BANKED_CODE, align 1, keep-with-next
    283          uint16 SampleApp_ProcessEvent( uint8 task_id, uint16 events )
   \                     SampleApp_ProcessEvent:
    284          {
   \   000000   74F4         MOV     A,#-0xc
   \   000002   12....       LCALL   ?BANKED_ENTER_XDATA
   \   000005                ; Saved register size: 12
   \   000005                ; Auto size: 0
   \   000005   EA           MOV     A,R2
   \   000006   FE           MOV     R6,A
   \   000007   EB           MOV     A,R3
   \   000008   FF           MOV     R7,A
    285            afIncomingMSGPacket_t *MSGpkt;
    286            (void)task_id;  // Intentionally unreferenced parameter
    287          
    288            if ( events & SYS_EVENT_MSG )
   \   000009   5480         ANL     A,#0x80
   \   00000B   6079         JZ      ??SampleApp_ProcessEvent_0
    289            {
    290              MSGpkt = (afIncomingMSGPacket_t *)osal_msg_receive( SampleApp_TaskID );
   \   00000D                ; Setup parameters for call to function osal_msg_receive
   \   00000D   802B         SJMP    ??SampleApp_ProcessEvent_1
    291              while ( MSGpkt )
    292              {
    293                switch ( MSGpkt->hdr.event )
    294                {
    295                  // Received when a key is pressed
    296                  case KEY_CHANGE:
    297                    SampleApp_HandleKeys( ((keyChange_t *)MSGpkt)->state, ((keyChange_t *)MSGpkt)->keys );
    298                    break;
    299          
    300                  // Received when a messages is received (OTA) for this endpoint
    301                  case AF_INCOMING_MSG_CMD:
    302                    SampleApp_MessageMSGCB( MSGpkt );
    303                    break;
    304          
    305                  // Received whenever the device changes state in the network
    306                  case ZDO_STATE_CHANGE:
    307                    SampleApp_NwkState = (devStates_t)(MSGpkt->hdr.status);
   \                     ??SampleApp_ProcessEvent_2:
   \   00000F   A3           INC     DPTR
   \   000010   E0           MOVX    A,@DPTR
   \   000011   90....       MOV     DPTR,#SampleApp_NwkState
   \   000014   F0           MOVX    @DPTR,A
    308                    if ( (SampleApp_NwkState == DEV_ZB_COORD)
    309                        || (SampleApp_NwkState == DEV_ROUTER)
    310                        || (SampleApp_NwkState == DEV_END_DEVICE) )
   \   000015   6409         XRL     A,#0x9
   \   000017   600A         JZ      ??SampleApp_ProcessEvent_3
   \   000019   E0           MOVX    A,@DPTR
   \   00001A   6407         XRL     A,#0x7
   \   00001C   6005         JZ      ??SampleApp_ProcessEvent_3
   \   00001E   E0           MOVX    A,@DPTR
   \   00001F   6406         XRL     A,#0x6
   \   000021   7010         JNZ     ??SampleApp_ProcessEvent_4
    311                    {
    312                      // Start sending the periodic message in a regular interval.
    313                      osal_start_timerEx( SampleApp_TaskID,
    314                                        SAMPLEAPP_SEND_PERIODIC_MSG_EVT,
    315                                        SAMPLEAPP_SEND_PERIODIC_MSG_TIMEOUT );
   \                     ??SampleApp_ProcessEvent_3:
   \   000023                ; Setup parameters for call to function osal_start_timerEx
   \   000023   7CE8         MOV     R4,#-0x18
   \   000025   7D03         MOV     R5,#0x3
   \   000027   7A01         MOV     R2,#0x1
   \   000029   7B00         MOV     R3,#0x0
   \   00002B   90....       MOV     DPTR,#SampleApp_TaskID
   \   00002E   E0           MOVX    A,@DPTR
   \   00002F   F9           MOV     R1,A
   \   000030   12....       LCALL   ??osal_start_timerEx?relay
    316                    }
    317                    else
    318                    {
    319                      // Device is no longer in the network
    320                    }
    321                    break;
    322          
    323                  default:
    324                    break;
    325                }
    326          
    327                // Release the memory
    328                osal_msg_deallocate( (uint8 *)MSGpkt );
   \                     ??SampleApp_ProcessEvent_4:
   \   000033                ; Setup parameters for call to function osal_msg_deallocate
   \   000033   AA..         MOV     R2,?V0 + 0
   \   000035   AB..         MOV     R3,?V0 + 1
   \   000037   12....       LCALL   ??osal_msg_deallocate?relay
    329          
    330                // Next - if one is available
    331                MSGpkt = (afIncomingMSGPacket_t *)osal_msg_receive( SampleApp_TaskID );
   \   00003A                ; Setup parameters for call to function osal_msg_receive
   \                     ??SampleApp_ProcessEvent_1:
   \   00003A   90....       MOV     DPTR,#SampleApp_TaskID
   \   00003D   E0           MOVX    A,@DPTR
   \   00003E   F9           MOV     R1,A
   \   00003F   12....       LCALL   ??osal_msg_receive?relay
   \   000042   8A..         MOV     ?V0 + 0,R2
   \   000044   8B..         MOV     ?V0 + 1,R3
   \   000046   E5..         MOV     A,?V0 + 0
   \   000048   45..         ORL     A,?V0 + 1
   \   00004A   6032         JZ      ??SampleApp_ProcessEvent_5
   \   00004C   85..82       MOV     DPL,?V0 + 0
   \   00004F   85..83       MOV     DPH,?V0 + 1
   \   000052   E0           MOVX    A,@DPTR
   \   000053   24E6         ADD     A,#-0x1a
   \   000055   601E         JZ      ??SampleApp_ProcessEvent_6
   \   000057   245A         ADD     A,#0x5a
   \   000059   6006         JZ      ??SampleApp_ProcessEvent_7
   \   00005B   24EF         ADD     A,#-0x11
   \   00005D   60B0         JZ      ??SampleApp_ProcessEvent_2
   \   00005F   80D2         SJMP    ??SampleApp_ProcessEvent_4
   \                     ??SampleApp_ProcessEvent_7:
   \   000061                ; Setup parameters for call to function SampleApp_HandleKeys
   \   000061   A3           INC     DPTR
   \   000062   A3           INC     DPTR
   \   000063   A3           INC     DPTR
   \   000064   E0           MOVX    A,@DPTR
   \   000065   FA           MOV     R2,A
   \   000066   85..82       MOV     DPL,?V0 + 0
   \   000069   85..83       MOV     DPH,?V0 + 1
   \   00006C   A3           INC     DPTR
   \   00006D   A3           INC     DPTR
   \   00006E   E0           MOVX    A,@DPTR
   \   00006F   F9           MOV     R1,A
   \   000070   12....       LCALL   ??SampleApp_HandleKeys?relay
   \   000073   80BE         SJMP    ??SampleApp_ProcessEvent_4
   \                     ??SampleApp_ProcessEvent_6:
   \   000075                ; Setup parameters for call to function SampleApp_MessageMSGCB
   \   000075   AA..         MOV     R2,?V0 + 0
   \   000077   AB..         MOV     R3,?V0 + 1
   \   000079   12....       LCALL   ??SampleApp_MessageMSGCB?relay
   \   00007C   80B5         SJMP    ??SampleApp_ProcessEvent_4
    332              }
    333          
    334              // return unprocessed events
    335              return (events ^ SYS_EVENT_MSG);
   \                     ??SampleApp_ProcessEvent_5:
   \   00007E   EE           MOV     A,R6
   \   00007F   FA           MOV     R2,A
   \   000080   EF           MOV     A,R7
   \   000081   6480         XRL     A,#0x80
   \                     ??SampleApp_ProcessEvent_8:
   \   000083   FB           MOV     R3,A
   \   000084   802A         SJMP    ??SampleApp_ProcessEvent_9
    336            }
    337          
    338            // Send a message out - This event is generated by a timer
    339            //  (setup in SampleApp_Init()).
    340            if ( events & SAMPLEAPP_SEND_PERIODIC_MSG_EVT )
   \                     ??SampleApp_ProcessEvent_0:
   \   000086   EE           MOV     A,R6
   \   000087   A2E0         MOV     C,0xE0 /* A   */.0
   \   000089   5021         JNC     ??SampleApp_ProcessEvent_10
    341            {
    342              // Send the periodic message
    343              SampleApp_SendPeriodicMessage();//周期性发送函数
   \   00008B                ; Setup parameters for call to function SampleApp_SendPeriodicMessage
   \   00008B   12....       LCALL   ??SampleApp_SendPeriodicMessage?relay
    344          
    345              // Setup to send message again in normal period (+ a little jitter)
    346              osal_start_timerEx( SampleApp_TaskID, SAMPLEAPP_SEND_PERIODIC_MSG_EVT,
    347                  (SAMPLEAPP_SEND_PERIODIC_MSG_TIMEOUT + (osal_rand() & 0x00FF)) );
   \   00008E                ; Setup parameters for call to function osal_rand
   \   00008E   12....       LCALL   ??osal_rand?relay
   \   000091                ; Setup parameters for call to function osal_start_timerEx
   \   000091   EA           MOV     A,R2
   \   000092   24E8         ADD     A,#-0x18
   \   000094   FC           MOV     R4,A
   \   000095   E4           CLR     A
   \   000096   3403         ADDC    A,#0x3
   \   000098   FD           MOV     R5,A
   \   000099   7A01         MOV     R2,#0x1
   \   00009B   7B00         MOV     R3,#0x0
   \   00009D   90....       MOV     DPTR,#SampleApp_TaskID
   \   0000A0   E0           MOVX    A,@DPTR
   \   0000A1   F9           MOV     R1,A
   \   0000A2   12....       LCALL   ??osal_start_timerEx?relay
    348          
    349              // return unprocessed events
    350              return (events ^ SAMPLEAPP_SEND_PERIODIC_MSG_EVT);
   \   0000A5   EE           MOV     A,R6
   \   0000A6   6401         XRL     A,#0x1
   \   0000A8   FA           MOV     R2,A
   \   0000A9   EF           MOV     A,R7
   \   0000AA   80D7         SJMP    ??SampleApp_ProcessEvent_8
    351            }
    352          
    353            // Discard unknown events
    354            return 0;
   \                     ??SampleApp_ProcessEvent_10:
   \   0000AC   7A00         MOV     R2,#0x0
   \   0000AE   7B00         MOV     R3,#0x0
   \                     ??SampleApp_ProcessEvent_9:
   \   0000B0   7F04         MOV     R7,#0x4
   \   0000B2   02....       LJMP    ?BANKED_LEAVE_XDATA
    355          }
    356          
    357          /*********************************************************************
    358           * Event Generation Functions
    359           */
    360          /*********************************************************************
    361           * @fn      SampleApp_HandleKeys
    362           *
    363           * @brief   Handles all key events for this device.
    364           *
    365           * @param   shift - true if in shift/alt.
    366           * @param   keys - bit field for key events. Valid entries:
    367           *                 HAL_KEY_SW_2
    368           *                 HAL_KEY_SW_1
    369           *
    370           * @return  none
    371           */

   \                                 In  segment BANKED_CODE, align 1, keep-with-next
    372          void SampleApp_HandleKeys( uint8 shift, uint8 keys )
   \                     SampleApp_HandleKeys:
    373          {
   \   000000   74F6         MOV     A,#-0xa
   \   000002   12....       LCALL   ?BANKED_ENTER_XDATA
   \   000005                ; Saved register size: 10
   \   000005                ; Auto size: 0
   \   000005   EA           MOV     A,R2
   \   000006   FE           MOV     R6,A
    374            (void)shift;  // Intentionally unreferenced parameter
    375            
    376            if ( keys & HAL_KEY_SW_1 )
   \   000007   A2E0         MOV     C,0xE0 /* A   */.0
   \   000009   5007         JNC     ??SampleApp_HandleKeys_0
    377            {
    378              /* This key sends the Flash Command is sent to Group 1.
    379               * This device will not receive the Flash Command from this
    380               * device (even if it belongs to group 1).
    381               */
    382              SampleApp_SendFlashMessage( SAMPLEAPP_FLASH_DURATION );
   \   00000B                ; Setup parameters for call to function SampleApp_SendFlashMessage
   \   00000B   7AE8         MOV     R2,#-0x18
   \   00000D   7B03         MOV     R3,#0x3
   \   00000F   12....       LCALL   ??SampleApp_SendFlashMessage?relay
    383            }
    384          
    385            if ( keys & HAL_KEY_SW_2 )
   \                     ??SampleApp_HandleKeys_0:
   \   000012   EE           MOV     A,R6
   \   000013   A2E1         MOV     C,0xE0 /* A   */.1
   \   000015   5024         JNC     ??SampleApp_HandleKeys_1
    386            {
    387              /* The Flashr Command is sent to Group 1.
    388               * This key toggles this device in and out of group 1.
    389               * If this device doesn't belong to group 1, this application
    390               * will not receive the Flash command sent to group 1.
    391               */
    392              aps_Group_t *grp;
    393              grp = aps_FindGroup( SAMPLEAPP_ENDPOINT, SAMPLEAPP_FLASH_GROUP );
    394              if ( grp )
   \   000017                ; Setup parameters for call to function aps_FindGroup
   \   000017   7A01         MOV     R2,#0x1
   \   000019   7B00         MOV     R3,#0x0
   \   00001B   7914         MOV     R1,#0x14
   \   00001D   12....       LCALL   ??aps_FindGroup?relay
   \   000020   8B..         MOV     ?V0 + 1,R3
   \   000022   EA           MOV     A,R2
   \   000023   45..         ORL     A,?V0 + 1
   \   000025   600B         JZ      ??SampleApp_HandleKeys_2
    395              {
    396                // Remove from the group
    397                aps_RemoveGroup( SAMPLEAPP_ENDPOINT, SAMPLEAPP_FLASH_GROUP );
   \   000027                ; Setup parameters for call to function aps_RemoveGroup
   \   000027   7A01         MOV     R2,#0x1
   \   000029   7B00         MOV     R3,#0x0
   \   00002B   7914         MOV     R1,#0x14
   \   00002D   12....       LCALL   ??aps_RemoveGroup?relay
   \   000030   8009         SJMP    ??SampleApp_HandleKeys_1
    398              }
    399              else
    400              {
    401                // Add to the flash group
    402                aps_AddGroup( SAMPLEAPP_ENDPOINT, &SampleApp_Group );
   \                     ??SampleApp_HandleKeys_2:
   \   000032                ; Setup parameters for call to function aps_AddGroup
   \   000032   7A..         MOV     R2,#SampleApp_Group & 0xff
   \   000034   7B..         MOV     R3,#(SampleApp_Group >> 8) & 0xff
   \   000036   7914         MOV     R1,#0x14
   \   000038   12....       LCALL   ??aps_AddGroup?relay
    403              }
    404            }
    405          }
   \                     ??SampleApp_HandleKeys_1:
   \   00003B   02....       LJMP    ??Subroutine1_0 & 0xFFFF
    406          
    407          /*********************************************************************
    408           * LOCAL FUNCTIONS
    409           */
    410          
    411          /*********************************************************************
    412           * @fn      SampleApp_SendFlashMessage
    413           *
    414           * @brief   Send the flash message to group 1.
    415           *
    416           * @param   flashTime - in milliseconds
    417           *
    418           * @return  none
    419           */

   \                                 In  segment BANKED_CODE, align 1, keep-with-next
    420          void SampleApp_SendFlashMessage( uint16 flashTime )
   \                     SampleApp_SendFlashMessage:
    421          {
   \   000000   74F6         MOV     A,#-0xa
   \   000002   12....       LCALL   ?BANKED_ENTER_XDATA
   \   000005                ; Saved register size: 10
   \   000005                ; Auto size: 3
   \   000005   74FD         MOV     A,#-0x3
   \   000007   12....       LCALL   ?ALLOC_XSTACK8
    422            uint8 buffer[3];
    423            buffer[0] = (uint8)(SampleAppFlashCounter++);
   \   00000A   90....       MOV     DPTR,#SampleAppFlashCounter
   \   00000D   E0           MOVX    A,@DPTR
   \   00000E   85..82       MOV     DPL,?XSP + 0
   \   000011   85..83       MOV     DPH,?XSP + 1
   \   000014   F0           MOVX    @DPTR,A
   \   000015   90....       MOV     DPTR,#SampleAppFlashCounter
   \   000018   E0           MOVX    A,@DPTR
   \   000019   04           INC     A
   \   00001A   F0           MOVX    @DPTR,A
    424            buffer[1] = LO_UINT16( flashTime );
   \   00001B   7401         MOV     A,#0x1
   \   00001D   12....       LCALL   ?XSTACK_DISP0_8
   \   000020   EA           MOV     A,R2
   \   000021   F0           MOVX    @DPTR,A
    425            buffer[2] = HI_UINT16( flashTime );
   \   000022   7402         MOV     A,#0x2
   \   000024   12....       LCALL   ?XSTACK_DISP0_8
   \   000027   EB           MOV     A,R3
   \   000028   F0           MOVX    @DPTR,A
    426          
    427            if ( AF_DataRequest( &SampleApp_Flash_DstAddr, &SampleApp_epDesc,
    428                                 SAMPLEAPP_FLASH_CLUSTERID,
    429                                 3,
    430                                 buffer,
    431                                 &SampleApp_TransID,
    432                                 AF_DISCV_ROUTE,
    433                                 AF_DEFAULT_RADIUS ) == afStatus_SUCCESS )
   \   000029                ; Setup parameters for call to function AF_DataRequest
   \   000029   75..1E       MOV     ?V0 + 0,#0x1e
   \   00002C   78..         MOV     R0,#?V0 + 0
   \   00002E   12....       LCALL   ?PUSH_XSTACK_I_ONE
   \   000031   75....       MOV     ?V0 + 0,#SampleApp_TransID & 0xff
   \   000034   75....       MOV     ?V0 + 1,#(SampleApp_TransID >> 8) & 0xff
   \   000037   78..         MOV     R0,#?V0 + 0
   \   000039   12....       LCALL   ?PUSH_XSTACK_I_TWO
   \   00003C   7403         MOV     A,#0x3
   \   00003E   12....       LCALL   ?XSTACK_DISP0_8
   \   000041   8582..       MOV     ?V0 + 0,DPL
   \   000044   8583..       MOV     ?V0 + 1,DPH
   \   000047   78..         MOV     R0,#?V0 + 0
   \   000049   12....       LCALL   ?PUSH_XSTACK_I_TWO
   \   00004C   75..03       MOV     ?V0 + 0,#0x3
   \   00004F   75..00       MOV     ?V0 + 1,#0x0
   \   000052   78..         MOV     R0,#?V0 + 0
   \   000054   12....       LCALL   ?PUSH_XSTACK_I_TWO
   \   000057   75..02       MOV     ?V0 + 0,#0x2
   \   00005A   78..         MOV     R0,#?V0 + 0
   \   00005C   12....       LCALL   ?PUSH_XSTACK_I_TWO
   \   00005F   7920         MOV     R1,#0x20
   \   000061   7C..         MOV     R4,#SampleApp_epDesc & 0xff
   \   000063   7D..         MOV     R5,#(SampleApp_epDesc >> 8) & 0xff
   \   000065   7A..         MOV     R2,#SampleApp_Flash_DstAddr & 0xff
   \   000067   7B..         MOV     R3,#(SampleApp_Flash_DstAddr >> 8) & 0xff
   \   000069   12....       LCALL   ??AF_DataRequest?relay
   \   00006C   7409         MOV     A,#0x9
   \   00006E   12....       LCALL   ?DEALLOC_XSTACK8
    434            {
    435            }
    436            else
    437            {
    438              // Error occurred in request to send.
    439            }
    440          }
   \   000071   7403         MOV     A,#0x3
   \   000073   02....       LJMP    ?Subroutine0 & 0xFFFF

   \                                 In  segment BANK_RELAYS, align 1
   \                     ??SampleApp_SendPeriodicMessage?relay:
   \   000000   12....       LCALL   ?BDISPATCH
   \   000003   ......       DC24    SampleApp_SendPeriodicMessage

   \                                 In  segment BANK_RELAYS, align 1
   \                     ??SampleApp_MessageMSGCB?relay:
   \   000000   12....       LCALL   ?BDISPATCH
   \   000003   ......       DC24    SampleApp_MessageMSGCB

   \                                 In  segment BANK_RELAYS, align 1
   \                     ??SampleApp_Init?relay:
   \   000000   12....       LCALL   ?BDISPATCH
   \   000003   ......       DC24    SampleApp_Init

   \                                 In  segment BANK_RELAYS, align 1
   \                     ??SampleApp_ProcessEvent?relay:
   \   000000   12....       LCALL   ?BDISPATCH
   \   000003   ......       DC24    SampleApp_ProcessEvent

   \                                 In  segment BANK_RELAYS, align 1
   \                     ??SampleApp_HandleKeys?relay:
   \   000000   12....       LCALL   ?BDISPATCH
   \   000003   ......       DC24    SampleApp_HandleKeys

   \                                 In  segment BANK_RELAYS, align 1
   \                     ??SampleApp_SendFlashMessage?relay:
   \   000000   12....       LCALL   ?BDISPATCH
   \   000003   ......       DC24    SampleApp_SendFlashMessage

   \                                 In  segment XDATA_ROM_C, align 1
   \                     `?<Constant "Hello IGreen\\n">`:
   \   000000   48656C6C     DB "Hello IGreen\012"
   \            6F204947
   \            7265656E
   \            0A00    

   \                                 In  segment XDATA_ROM_C, align 1
   \                     `?<Constant "Group 1">`:
   \   000000   47726F75     DB "Group 1"
   \            70203100

   \                                 In  segment XDATA_ROM_C, align 1
   \                     `?<Constant "SampleApp">`:
   \   000000   53616D70     DB "SampleApp"
   \            6C654170
   \            7000    

   Maximum stack usage in bytes:

     Function                       ISTACK PSTACK XSTACK
     --------                       ------ ------ ------
     SampleApp_HandleKeys               0      0     22
       -> SampleApp_SendFlashMessage
                                        0      0     20
       -> aps_FindGroup                 0      0     20
       -> aps_RemoveGroup               0      0     20
       -> aps_AddGroup                  0      0     20
     SampleApp_Init                     0      0     14
       -> MT_UartInit                   0      0     22
       -> MT_UartRegisterTaskID         0      0     22
       -> HalUARTWrite                  0      0     22
       -> afRegister                    0      0     22
       -> RegisterForKeys               0      0     22
       -> osal_memcpy                   0      0     28
       -> aps_AddGroup                  0      0     22
       -> HalLcdWriteString             0      0     22
     SampleApp_MessageMSGCB             0      0     22
       -> HalUARTWrite                  0      0     20
       -> HalUARTWrite                  0      0     20
       -> HalLedBlink                   0      0     20
     SampleApp_ProcessEvent             0      0     12
       -> osal_msg_receive              0      0     24
       -> osal_start_timerEx            0      0     24
       -> osal_msg_deallocate           0      0     24
       -> osal_msg_receive              0      0     24
       -> SampleApp_HandleKeys          0      0     24
       -> SampleApp_MessageMSGCB        0      0     24
       -> SampleApp_SendPeriodicMessage
                                        0      0     24
       -> osal_rand                     0      0     24
       -> osal_start_timerEx            0      0     24
     SampleApp_SendFlashMessage         1      0     32
       -> AF_DataRequest                0      0     44
     SampleApp_SendPeriodicMessage      1      0     63
       -> DHT11                         0      0     84
       -> AF_DataRequest                0      0    102


   Segment part sizes:

     Function/Label                        Bytes
     --------------                        -----
     P0SEL                                    1
     SampleApp_ClusterList                    4
     SampleApp_SimpleDesc                    12
     SampleApp_epDesc                         6
     SampleApp_TaskID                         1
     SampleApp_NwkState                       1
     SampleApp_TransID                        1
     SampleApp_Periodic_DstAddr              12
     SampleApp_Flash_DstAddr                 12
     SampleApp_Group                         18
     SampleAppPeriodicCounter                 1
     SampleAppFlashCounter                    1
     SampleApp_SendPeriodicMessage          176
     ?Subroutine0                             3
     ??Subroutine1_0                          5
     SampleApp_MessageMSGCB                 211
     SampleApp_Init                         184
     SampleApp_ProcessEvent                 181
     SampleApp_HandleKeys                    62
     SampleApp_SendFlashMessage             118
     ??SampleApp_SendPeriodicMessage?relay    6
     ??SampleApp_MessageMSGCB?relay           6
     ??SampleApp_Init?relay                   6
     ??SampleApp_ProcessEvent?relay           6
     ??SampleApp_HandleKeys?relay             6
     ??SampleApp_SendFlashMessage?relay       6
     ?<Constant "Hello IGreen\n">            14
     ?<Constant "Group 1">                    8
     ?<Constant "SampleApp">                 10

 
 940 bytes in segment BANKED_CODE
  36 bytes in segment BANK_RELAYS
   1 byte  in segment SFR_AN
  48 bytes in segment XDATA_ROM_C
  53 bytes in segment XDATA_Z
 
 976 bytes of CODE  memory
  48 bytes of CONST memory
   0 bytes of DATA  memory (+ 1 byte shared)
  53 bytes of XDATA memory

Errors: none
Warnings: 1
